<?xml version="1.0" encoding="UTF-8"?>
<!-- Generated by org.testng.reporters.JUnitReportReporter -->
<testsuite hostname="DESKTOP-4OC144U" failures="0" tests="1" name="lumashop.tests.SubmitOrderTest" time="58.778" errors="0" timestamp="2023-02-28T23:28:40 EET" skipped="0">
  <testcase classname="lumashop.tests.SubmitOrderTest" name="submitOrder" time="58.778"/>
  <system-out/>
</testsuite> <!-- lumashop.tests.SubmitOrderTest -->
