<?xml version="1.0" encoding="UTF-8"?>
<!-- Generated by org.testng.reporters.JUnitReportReporter -->
<testsuite hostname="DESKTOP-4OC144U" failures="0" tests="2" name="lumashop.tests.ErrorValidations" time="48.297" errors="0" timestamp="2023-02-24T18:44:33 EET" skipped="0">
  <testcase classname="lumashop.tests.ErrorValidations" name="AccountCreationErrorValidation" time="15.467"/>
  <system-out/>
  <testcase classname="lumashop.tests.ErrorValidations" name="ProductErrorValidation" time="32.830"/>
  <system-out/>
</testsuite> <!-- lumashop.tests.ErrorValidations -->
