<?xml version="1.0" encoding="UTF-8"?>
<!-- Generated by org.testng.reporters.JUnitReportReporter -->
<testsuite hostname="DESKTOP-4OC144U" failures="0" tests="2" name="lumashop.tests.ErrorValidationsTest" time="58.286" errors="0" timestamp="2023-02-26T22:53:21 EET" skipped="0">
  <testcase classname="lumashop.tests.ErrorValidationsTest" name="AccountCreationErrorValidation" time="18.633"/>
  <system-out/>
  <testcase classname="lumashop.tests.ErrorValidationsTest" name="ProductErrorValidation" time="39.653"/>
  <system-out/>
</testsuite> <!-- lumashop.tests.ErrorValidationsTest -->
