<?xml version="1.0" encoding="UTF-8"?>
<!-- Generated by org.testng.reporters.JUnitReportReporter -->
<testsuite hostname="DESKTOP-4OC144U" failures="0" tests="2" name="lumashop.tests.ErrorValidationsTest" time="47.841" errors="0" timestamp="2023-02-28T23:28:40 EET" skipped="0">
  <testcase classname="lumashop.tests.ErrorValidationsTest" name="AccountCreationErrorValidation" time="16.113"/>
  <system-out/>
  <testcase classname="lumashop.tests.ErrorValidationsTest" name="ProductErrorValidation" time="31.728"/>
  <system-out/>
</testsuite> <!-- lumashop.tests.ErrorValidationsTest -->
